
ScaleIO gateway is set to scaleio-gateway.emc.com
User name is set to admin
Password is set to changeme

SUCCESSFULLY CONNECTED TO THE SCALEIO GATEWAY!

=== SYSTEM =====================================================================================
NAME                                                   = myTestSystem
ID                                                     = 4e24b8a564f2e68c
INSTALLATION ID                                        = 2a09712a7b9a5015
VERSION NAME                                           = EMC ScaleIO Version: R1_31.258.2
ENTERPRISE FEATURES ENABLED                            = YES
DAYS INSTALLED                                         = 7
MAXIMUM CAPACITY (Gb)                                  = Unlimited
CAPACITY ALERT HIGH THRESHOLD (%)                      = 80
CAPACITY ALERT CRITICAL THRESHOLD (%)                  = 90
CAPACITY TIME LEFT (days)                              = 23
MDM MODE                                               = Cluster
MDM CLUSTER STATE                                      = ClusteredNormal
MDM MANAGEMENT PORT                                    = 6611
MDM MANAGEMENT IP ADDRESS                              = 192.168.65.147
MDM MANAGEMENT IP ADDRESS                              = 192.168.65.146
PRIMARY MDM PORT                                       = 9011
PRIMARY MDM IP ADDRESS                                 = 192.168.65.147
SECONDARY MDM PORT                                     = 9011
SECONDARY MDM IP ADDRESS                               = 192.168.65.146
TIE BREAKER MDM PORT                                   = 9011
TIE BREAKER MDM IP ADDRESS                             = 192.168.65.148
RESTRICTED SDC MODE ENABLED                            = NO
IS DEFAULT VOLUME OBFUSCATED                           = NO
================================================================================================

     === PROTECTION DOMAIN =====================================================================
     NAME                                              = domain2
     ID                                                = 879a26e100000001
     SYSTEM ID                                         = 4e24b8a564f2e68c
     PROTECTION DOMAIN STATE                           = Active
     REBALANCE NETWORK THROTTLING ENABLED              = NO
     REBUILD NETWORK THROTTLING ENABLED                = NO
     OVERALL NETWORK THROTTLING ENABLED                = NO
     ===========================================================================================

          === SCALEIO DATA SERVER ==============================================================
          NO SCALEIO DATA SERVERS FOUND!
          ======================================================================================

          === STORAGE POOL =====================================================================
          NAME                                         = default
          ID                                           = 317cda9900000002
          PROTECTION DOMAIN ID                         = 879a26e100000001
          PROTECTION DOMAIN NAME                       = domain2
          SPARE PERCENTAGE                             = 10
          REBALANCE ENABLED                            = YES
             IO PRIORITY POLICY                        = favorAppIos
             BANDWIDTH LIMIT PER DEVICE (kbps)         = 10240
             NUMBER OF CONCURRENT IO PER DEVICE        = 1
          REBUILD ENABLED                              = YES
             IO PRIORITY POLICY                        = limitNumOfConcurrentIos
             BANDWIDTH LIMIT PER DEVICE (kbps)         = 10240
             NUMBER OF CONCURRENT IO PER DEVICE        = 1
          NUMBER OF PARALLEL JOBS PER DEVICE           = 2
          ZERO PADDING ENABLED                         = NO
          USE RM CACHE                                 = YES
             WRITE HANDLING MODE                       = Passthrough
          ======================================================================================

               === DEVICE ======================================================================
               NO DEVICES FOUND!
               =================================================================================

               === VOLUME ======================================================================
               NO VOLUMES FOUND!
               =================================================================================

          === STORAGE POOL =====================================================================
          NAME                                         = pool2
          ID                                           = 317cda9a00000003
          PROTECTION DOMAIN ID                         = 879a26e100000001
          PROTECTION DOMAIN NAME                       = domain2
          SPARE PERCENTAGE                             = 10
          REBALANCE ENABLED                            = YES
             IO PRIORITY POLICY                        = favorAppIos
             BANDWIDTH LIMIT PER DEVICE (kbps)         = 10240
             NUMBER OF CONCURRENT IO PER DEVICE        = 1
          REBUILD ENABLED                              = YES
             IO PRIORITY POLICY                        = limitNumOfConcurrentIos
             BANDWIDTH LIMIT PER DEVICE (kbps)         = 10240
             NUMBER OF CONCURRENT IO PER DEVICE        = 1
          NUMBER OF PARALLEL JOBS PER DEVICE           = 2
          ZERO PADDING ENABLED                         = NO
          USE RM CACHE                                 = NO
             WRITE HANDLING MODE                       = Passthrough
          ======================================================================================

               === DEVICE ======================================================================
               NO DEVICES FOUND!
               =================================================================================

               === VOLUME ======================================================================
               NO VOLUMES FOUND!
               =================================================================================

          === FAULT SET ========================================================================
          NO FAULT SETS FOUND!
          ======================================================================================

          === STATISTICS =======================================================================
          numOfSds                                     = 0
          numOfStoragePools                            = 2
          numOfFaultSets                               = 0
          rmcacheSizeInKb                              = 0
          capacityLimitInKb                            = 0
          maxCapacityInKb                              = 0
          capacityInUseInKb                            = 0
          thickCapacityInUseInKb                       = 0
          thinCapacityInUseInKb                        = 0
          snapCapacityInUseInKb                        = 0
          snapCapacityInUseOccupiedInKb                = 0
          unreachableUnusedCapacityInKb                = 0
          protectedVacInKb                             = 0
          degradedHealthyVacInKb                       = 0
          degradedFailedVacInKb                        = 0
          failedVacInKb                                = 0
          inUseVacInKb                                 = 0
          activeMovingInFwdRebuildJobs                 = 0
          pendingMovingInFwdRebuildJobs                = 0
          activeMovingOutFwdRebuildJobs                = 0
          pendingMovingOutFwdRebuildJobs               = 0
          activeMovingInBckRebuildJobs                 = 0
          pendingMovingInBckRebuildJobs                = 0
          activeMovingOutBckRebuildJobs                = 0
          pendingMovingOutBckRebuildJobs               = 0
          activeMovingInRebalanceJobs                  = 0
          pendingMovingInRebalanceJobs                 = 0
          activeMovingRebalanceJobs                    = 0
          pendingMovingRebalanceJobs                   = 0
          primaryVacInKb                               = 0
          secondaryVacInKb                             = 0
          primaryReadBwc
             totalWeightInKb                           = 0
             numSeconds                                = 0
             numOccured                                = 0
          primaryReadFromDevBwc
             totalWeightInKb                           = 0
             numSeconds                                = 0
             numOccured                                = 0
          primaryWriteBwc
             totalWeightInKb                           = 0
             numSeconds                                = 0
             numOccured                                = 0
          secondaryReadBwc
             totalWeightInKb                           = 0
             numSeconds                                = 0
             numOccured                                = 0
          secondaryReadFromDevBwc
             totalWeightInKb                           = 0
             numSeconds                                = 0
             numOccured                                = 0
          secondaryWriteBwc
             totalWeightInKb                           = 0
             numSeconds                                = 0
             numOccured                                = 0
          totalReadBwc
             totalWeightInKb                           = 0
             numSeconds                                = 0
             numOccured                                = 0
          totalWriteBwc
             totalWeightInKb                           = 0
             numSeconds                                = 0
             numOccured                                = 0
          fwdRebuildReadBwc
             totalWeightInKb                           = 0
             numSeconds                                = 0
             numOccured                                = 0
          fwdRebuildWriteBwc
             totalWeightInKb                           = 0
             numSeconds                                = 0
             numOccured                                = 0
          bckRebuildReadBwc
             totalWeightInKb                           = 0
             numSeconds                                = 0
             numOccured                                = 0
          bckRebuildWriteBwc
             totalWeightInKb                           = 0
             numSeconds                                = 0
             numOccured                                = 0
          rebalanceReadBwc
             totalWeightInKb                           = 0
             numSeconds                                = 0
             numOccured                                = 0
          rebalanceWriteBwc
             totalWeightInKb                           = 0
             numSeconds                                = 0
             numOccured                                = 0
          spareCapacityInKb                            = 0
          capacityAvailableForVolumeAllocationInKb     = 0
          protectedCapacityInKb                        = 0
          degradedHealthyCapacityInKb                  = 0
          degradedFailedCapacityInKb                   = 0
          failedCapacityInKb                           = 0
          movingCapacityInKb                           = 0
          activeMovingCapacityInKb                     = 0
          pendingMovingCapacityInKb                    = 0
          fwdRebuildCapacityInKb                       = 0
          activeFwdRebuildCapacityInKb                 = 0
          pendingFwdRebuildCapacityInKb                = 0
          bckRebuildCapacityInKb                       = 0
          activeBckRebuildCapacityInKb                 = 0
          pendingBckRebuildCapacityInKb                = 0
          rebalanceCapacityInKb                        = 0
          activeRebalanceCapacityInKb                  = 0
          pendingRebalanceCapacityInKb                 = 0
          atRestCapacityInKb                           = 0
          numOfUnmappedVolumes                         = 0
          numOfMappedToAllVolumes                      = 0
          numOfThickBaseVolumes                        = 0
          numOfThinBaseVolumes                         = 0
          numOfSnapshots                               = 0
          numOfVolumesInDeletion                       = 0
          ======================================================================================

     === PROTECTION DOMAIN =====================================================================
     NAME                                              = domain1
     ID                                                = 8799ffd100000000
     SYSTEM ID                                         = 4e24b8a564f2e68c
     PROTECTION DOMAIN STATE                           = Active
     REBALANCE NETWORK THROTTLING ENABLED              = NO
     REBUILD NETWORK THROTTLING ENABLED                = NO
     OVERALL NETWORK THROTTLING ENABLED                = NO
     ===========================================================================================

          === SCALEIO DATA SERVER ==============================================================
          NAME                                         = SDS3
          ID                                           = ac385d0100000002
          PROTECTION DOMAIN ID                         = 8799ffd100000000
          PROTECTION DOMAIN NAME                       = domain1
          STATE                                        = Normal
          MDM CONNECTION STATE                         = Connected
          MEMBERSHIP STATE                             = Joined
          PORT                                         = 7072
          IP ADDRESS                                   = 192.168.65.148 (ROLE = all)
          RM CACHE ENABLED                             = YES
             SIZE (kb)                                 = 131072
             MEMORY ALLOCATION STATE                   = AllocationSuccessful
             FROZEN                                    = NO
          NUMBER OF IO BUFFERS                         = 3
          DRL MODE                                     = Volatile
          IS ON VMWARE                                 = NO
          ======================================================================================

          === SCALEIO DATA SERVER ==============================================================
          NAME                                         = SDS1
          ID                                           = ac385d0000000001
          PROTECTION DOMAIN ID                         = 8799ffd100000000
          PROTECTION DOMAIN NAME                       = domain1
          STATE                                        = Normal
          MDM CONNECTION STATE                         = Connected
          MEMBERSHIP STATE                             = Joined
          PORT                                         = 7072
          IP ADDRESS                                   = 192.168.65.147 (ROLE = all)
          RM CACHE ENABLED                             = YES
             SIZE (kb)                                 = 131072
             MEMORY ALLOCATION STATE                   = AllocationSuccessful
             FROZEN                                    = NO
          NUMBER OF IO BUFFERS                         = 3
          DRL MODE                                     = Volatile
          IS ON VMWARE                                 = NO
          ======================================================================================

          === SCALEIO DATA SERVER ==============================================================
          NAME                                         = SDS2
          ID                                           = ac385cff00000000
          PROTECTION DOMAIN ID                         = 8799ffd100000000
          PROTECTION DOMAIN NAME                       = domain1
          STATE                                        = Normal
          MDM CONNECTION STATE                         = Connected
          MEMBERSHIP STATE                             = Joined
          PORT                                         = 7072
          IP ADDRESS                                   = 192.168.65.146 (ROLE = all)
          RM CACHE ENABLED                             = YES
             SIZE (kb)                                 = 131072
             MEMORY ALLOCATION STATE                   = AllocationSuccessful
             FROZEN                                    = NO
          NUMBER OF IO BUFFERS                         = 3
          DRL MODE                                     = Volatile
          IS ON VMWARE                                 = NO
          ======================================================================================

          === STORAGE POOL =====================================================================
          NAME                                         = default
          ID                                           = 317cb38900000000
          PROTECTION DOMAIN ID                         = 8799ffd100000000
          PROTECTION DOMAIN NAME                       = domain1
          SPARE PERCENTAGE                             = 10
          REBALANCE ENABLED                            = YES
             IO PRIORITY POLICY                        = favorAppIos
             BANDWIDTH LIMIT PER DEVICE (kbps)         = 10240
             NUMBER OF CONCURRENT IO PER DEVICE        = 1
          REBUILD ENABLED                              = YES
             IO PRIORITY POLICY                        = limitNumOfConcurrentIos
             BANDWIDTH LIMIT PER DEVICE (kbps)         = 10240
             NUMBER OF CONCURRENT IO PER DEVICE        = 1
          NUMBER OF PARALLEL JOBS PER DEVICE           = 2
          ZERO PADDING ENABLED                         = NO
          USE RM CACHE                                 = YES
             WRITE HANDLING MODE                       = Passthrough
          ======================================================================================

               === DEVICE ======================================================================
               NO DEVICES FOUND!
               =================================================================================

               === VOLUME ======================================================================
               NO VOLUMES FOUND!
               =================================================================================

          === STORAGE POOL =====================================================================
          NAME                                         = pool1
          ID                                           = 317cb38a00000001
          PROTECTION DOMAIN ID                         = 8799ffd100000000
          PROTECTION DOMAIN NAME                       = domain1
          SPARE PERCENTAGE                             = 34
          REBALANCE ENABLED                            = YES
             IO PRIORITY POLICY                        = favorAppIos
             BANDWIDTH LIMIT PER DEVICE (kbps)         = 10240
             NUMBER OF CONCURRENT IO PER DEVICE        = 1
          REBUILD ENABLED                              = YES
             IO PRIORITY POLICY                        = limitNumOfConcurrentIos
             BANDWIDTH LIMIT PER DEVICE (kbps)         = 10240
             NUMBER OF CONCURRENT IO PER DEVICE        = 1
          NUMBER OF PARALLEL JOBS PER DEVICE           = 2
          ZERO PADDING ENABLED                         = NO
          USE RM CACHE                                 = YES
             WRITE HANDLING MODE                       = Passthrough
          ======================================================================================

               === DEVICE ======================================================================
               NAME                                    = SDS2:/dev/sdb
               ID                                      = 78f8427b00000000
               STORAGE POOL ID                         = 317cb38a00000001
               STORAGE POOL NAME                       = pool1
               MAXIMUM CAPACITY (kb)                   = 208665600
               CAPACITY LIMIT (kb)                     = 208665600
               DEVICE STATE                            = Normal
               ERROR STATE                             = None
               ORIGINAL PATH NAME                      = /dev/sdb
               CURRENT PATH NAME                       = /dev/sdb
               SCALEIO DATA SERVER                     = ac385cff00000000
               SCALEIO DATA SERVER                     = SDS2
               =================================================================================

               === DEVICE ======================================================================
               NAME                                    = SDS1:/dev/sdb
               ID                                      = 78f8427c00010000
               STORAGE POOL ID                         = 317cb38a00000001
               STORAGE POOL NAME                       = pool1
               MAXIMUM CAPACITY (kb)                   = 208665600
               CAPACITY LIMIT (kb)                     = 208665600
               DEVICE STATE                            = Normal
               ERROR STATE                             = None
               ORIGINAL PATH NAME                      = /dev/sdb
               CURRENT PATH NAME                       = /dev/sdb
               SCALEIO DATA SERVER                     = ac385d0000000001
               SCALEIO DATA SERVER                     = SDS1
               =================================================================================

               === DEVICE ======================================================================
               NAME                                    = SDS3:/dev/sdb
               ID                                      = 78f8427d00020000
               STORAGE POOL ID                         = 317cb38a00000001
               STORAGE POOL NAME                       = pool1
               MAXIMUM CAPACITY (kb)                   = 208665600
               CAPACITY LIMIT (kb)                     = 208665600
               DEVICE STATE                            = Normal
               ERROR STATE                             = None
               ORIGINAL PATH NAME                      = /dev/sdb
               CURRENT PATH NAME                       = /dev/sdb
               SCALEIO DATA SERVER                     = ac385d0100000002
               SCALEIO DATA SERVER                     = SDS3
               =================================================================================

               === VOLUME ======================================================================
               NAME                                    = volume1
               ID                                      = ca47f98700000000
               SIZE (kb)                               = 33554432
               VOLUME TYPE                             = ThinProvisioned
               STORAGE POOL ID                         = 317cb38a00000001
               STORAGE POOL NAME                       = pool1
               CREATION TIME                           = Tue Jan 20 22:28:50 2015
               IS OBFUSCATED                           = NO
               USE RM CACHE                            = YES
               MAPPING TO ALL SDCS ENABLED             = NO
               SDC IP ADDRESS                          = 192.168.65.148
               LIMIT IOPS                              = 0
               LIMIT BANDWIDTH (Mbps)                  = 0
               SCSI ID                                 = 6b0e1ef500000002
               VTREE ID                                = 0234277700000000
               =================================================================================

                    === VTREE ==================================================================
                    ID                                 = 0234277700000000
                    BASE VOLUME ID                     = ca47f98700000000
                    VOLUME NAME                        = volume1
                    STORAGE POOL ID                    = 317cb38a00000001
                    STORAGE POOL NAME                  = pool1
                    ============================================================================

          === FAULT SET ========================================================================
          NAME                                         = set1
          ID                                           = bea6929100000000
          PROTECTION DOMAIN ID                         = 8799ffd100000000
          PROTECTION DOMAIN NAME                       = domain1
          ======================================================================================

          === STATISTICS =======================================================================
          numOfSds                                     = 3
          numOfStoragePools                            = 2
          numOfFaultSets                               = 1
          rmcacheSizeInKb                              = 393216
          capacityLimitInKb                            = 625996800
          maxCapacityInKb                              = 625996800
          capacityInUseInKb                            = 0
          thickCapacityInUseInKb                       = 0
          thinCapacityInUseInKb                        = 0
          snapCapacityInUseInKb                        = 3145728
          snapCapacityInUseOccupiedInKb                = 0
          unreachableUnusedCapacityInKb                = 0
          protectedVacInKb                             = 67108864
          degradedHealthyVacInKb                       = 0
          degradedFailedVacInKb                        = 0
          failedVacInKb                                = 0
          inUseVacInKb                                 = 67108864
          activeMovingInFwdRebuildJobs                 = 0
          pendingMovingInFwdRebuildJobs                = 0
          activeMovingOutFwdRebuildJobs                = 0
          pendingMovingOutFwdRebuildJobs               = 0
          activeMovingInBckRebuildJobs                 = 0
          pendingMovingInBckRebuildJobs                = 0
          activeMovingOutBckRebuildJobs                = 0
          pendingMovingOutBckRebuildJobs               = 0
          activeMovingInRebalanceJobs                  = 0
          pendingMovingInRebalanceJobs                 = 0
          activeMovingRebalanceJobs                    = 0
          pendingMovingRebalanceJobs                   = 0
          primaryVacInKb                               = 33554432
          secondaryVacInKb                             = 33554432
          primaryReadBwc
             totalWeightInKb                           = 0
             numSeconds                                = 0
             numOccured                                = 0
          primaryReadFromDevBwc
             totalWeightInKb                           = 0
             numSeconds                                = 0
             numOccured                                = 0
          primaryWriteBwc
             totalWeightInKb                           = 0
             numSeconds                                = 0
             numOccured                                = 0
          secondaryReadBwc
             totalWeightInKb                           = 0
             numSeconds                                = 0
             numOccured                                = 0
          secondaryReadFromDevBwc
             totalWeightInKb                           = 0
             numSeconds                                = 0
             numOccured                                = 0
          secondaryWriteBwc
             totalWeightInKb                           = 0
             numSeconds                                = 0
             numOccured                                = 0
          totalReadBwc
             totalWeightInKb                           = 0
             numSeconds                                = 0
             numOccured                                = 0
          totalWriteBwc
             totalWeightInKb                           = 0
             numSeconds                                = 0
             numOccured                                = 0
          fwdRebuildReadBwc
             totalWeightInKb                           = 0
             numSeconds                                = 0
             numOccured                                = 0
          fwdRebuildWriteBwc
             totalWeightInKb                           = 0
             numSeconds                                = 0
             numOccured                                = 0
          bckRebuildReadBwc
             totalWeightInKb                           = 0
             numSeconds                                = 0
             numOccured                                = 0
          bckRebuildWriteBwc
             totalWeightInKb                           = 0
             numSeconds                                = 0
             numOccured                                = 0
          rebalanceReadBwc
             totalWeightInKb                           = 0
             numSeconds                                = 0
             numOccured                                = 0
          rebalanceWriteBwc
             totalWeightInKb                           = 0
             numSeconds                                = 0
             numOccured                                = 0
          spareCapacityInKb                            = 212838400
          capacityAvailableForVolumeAllocationInKb     = 201326592
          protectedCapacityInKb                        = 0
          degradedHealthyCapacityInKb                  = 0
          degradedFailedCapacityInKb                   = 0
          failedCapacityInKb                           = 0
          movingCapacityInKb                           = 0
          activeMovingCapacityInKb                     = 0
          pendingMovingCapacityInKb                    = 0
          fwdRebuildCapacityInKb                       = 0
          activeFwdRebuildCapacityInKb                 = 0
          pendingFwdRebuildCapacityInKb                = 0
          bckRebuildCapacityInKb                       = 0
          activeBckRebuildCapacityInKb                 = 0
          pendingBckRebuildCapacityInKb                = 0
          rebalanceCapacityInKb                        = 0
          activeRebalanceCapacityInKb                  = 0
          pendingRebalanceCapacityInKb                 = 0
          atRestCapacityInKb                           = 0
          numOfUnmappedVolumes                         = 0
          numOfMappedToAllVolumes                      = 0
          numOfThickBaseVolumes                        = 0
          numOfThinBaseVolumes                         = 1
          numOfSnapshots                               = 0
          numOfVolumesInDeletion                       = 0
          ======================================================================================

     === SCSI INITIATOR ========================================================================
     NO SCSI INITIATORS FOUND!
     ===========================================================================================

     === USER ==================================================================================
     NAME                                              = admin
     ID                                                = ad602f4300000000
     SYSTEM ID                                         = 4e24b8a564f2e68c
     SYSTEM NAME                                       = myTestSystem
     USER ROLE                                         = Admin
     PASSWORD CHANGE REQUIRED                          = NO
     ===========================================================================================

     === SCALEIO DATA CLIENT ===================================================================
     ID                                                = 6b0e1ef300000000
     SYSTEM ID                                         = 4e24b8a564f2e68c
     SYSTEM NAME                                       = myTestSystem
     IP ADDRESS                                        = 192.168.65.147
     GUID                                              = 9721AC47-F2DE-4357-887E-DBCD69DCDB86
     MDM CONNECTION STATE                              = Connected
     SDC APPROVED                                      = NO
     ON VMWARE                                         = NO
     ===========================================================================================

     === SCALEIO DATA CLIENT ===================================================================
     ID                                                = 6b0e1ef400000001
     SYSTEM ID                                         = 4e24b8a564f2e68c
     SYSTEM NAME                                       = myTestSystem
     IP ADDRESS                                        = 192.168.65.146
     GUID                                              = D946DA8A-4B86-4554-BF61-F50BEBC095CC
     MDM CONNECTION STATE                              = Connected
     SDC APPROVED                                      = NO
     ON VMWARE                                         = NO
     ===========================================================================================

     === SCALEIO DATA CLIENT ===================================================================
     ID                                                = 6b0e1ef500000002
     SYSTEM ID                                         = 4e24b8a564f2e68c
     SYSTEM NAME                                       = myTestSystem
     IP ADDRESS                                        = 192.168.65.148
     GUID                                              = 58FA4EBE-7420-4E95-BEAB-298D1362B0E9
     MDM CONNECTION STATE                              = Connected
     SDC APPROVED                                      = NO
     ON VMWARE                                         = NO
     ===========================================================================================

SUCCESSFULLY DISCONNECTED FROM THE SCALEIO GATEWAY!
